<?xml version="1.0" encoding="UTF-8"?>
<testng-results skipped="0" failed="0" ignored="0" total="0" passed="0">
  <reporter-output>
  </reporter-output>
  <suite name="Cucumber Framework" duration-ms="5702" started-at="2021-07-09T11:29:16Z" finished-at="2021-07-09T11:29:21Z">
    <groups>
    </groups>
    <test name="Cucumber Tests" duration-ms="5702" started-at="2021-07-09T11:29:16Z" finished-at="2021-07-09T11:29:21Z">
    </test> <!-- Cucumber Tests -->
  </suite> <!-- Cucumber Framework -->
</testng-results>
